DEBUG:root:Order:2 3 10.0
DEBUG:root:Finish turn

DEBUG:root:Order:2 4 10.0
DEBUG:root:Finish turn

DEBUG:root:Order:2 19 15.0
DEBUG:root:Finish turn

DEBUG:root:Order:2 20 15.0
DEBUG:root:Order:2 4 32
DEBUG:root:Finish turn

DEBUG:root:Order:2 15 20.0
DEBUG:root:Bad order:4 3.0 8
DEBUG:root:Finish turn

DEBUG:root:Order:2 16 20.0
DEBUG:root:Order:4 0 26.0
DEBUG:root:Order:4 2 4
DEBUG:root:Finish turn

DEBUG:root:Order:2 4 1
DEBUG:root:Finish turn

DEBUG:root:Order:2 19 6
DEBUG:root:Order:4 19 2
DEBUG:root:Finish turn

DEBUG:root:Order:2 19 2
DEBUG:root:Order:2 4 2
DEBUG:root:Finish turn

DEBUG:root:Order:2 19 1
DEBUG:root:Order:4 19 1
DEBUG:root:Finish turn

DEBUG:root:Order:2 19 1
DEBUG:root:Order:2 4 2
DEBUG:root:Finish turn

DEBUG:root:Order:2 15 6
DEBUG:root:Order:4 15 5
DEBUG:root:Order:19 15 2
DEBUG:root:Finish turn

DEBUG:root:Order:2 15 1
DEBUG:root:Order:2 19 1
DEBUG:root:Order:2 4 2
DEBUG:root:Finish turn

DEBUG:root:Order:2 19 1
DEBUG:root:Order:4 19 1
DEBUG:root:Finish turn

DEBUG:root:Order:2 19 1
DEBUG:root:Order:2 4 2
DEBUG:root:Finish turn

DEBUG:root:Order:2 19 1
DEBUG:root:Finish turn

DEBUG:root:Order:2 19 2
DEBUG:root:Finish turn

DEBUG:root:Order:2 19 3
DEBUG:root:Order:2 4 1
DEBUG:root:Finish turn

DEBUG:root:Order:2 0 8
DEBUG:root:Order:15 0 8
DEBUG:root:Order:4 0 6
DEBUG:root:Order:19 0 5
DEBUG:root:Finish turn

DEBUG:root:Order:2 0 1
DEBUG:root:Order:2 19 1
DEBUG:root:Order:2 4 2
DEBUG:root:Finish turn

DEBUG:root:Order:2 0 1
DEBUG:root:Order:2 19 1
DEBUG:root:Finish turn

DEBUG:root:Order:2 0 1
DEBUG:root:Order:15 0 1
DEBUG:root:Order:15 19 1
DEBUG:root:Finish turn

DEBUG:root:Order:2 9 40.0
DEBUG:root:Order:4 2 8
DEBUG:root:Order:15 2 8
DEBUG:root:Bad order:0 5.0 6
DEBUG:root:Order:19 2 5
DEBUG:root:Finish turn

DEBUG:root:Order:0 2 5
DEBUG:root:Order:0 19 1
DEBUG:root:Finish turn

DEBUG:root:Order:2 0 2
DEBUG:root:Order:2 19 1
DEBUG:root:Order:2 4 2
DEBUG:root:Order:15 4 1
DEBUG:root:Finish turn

DEBUG:root:Order:4 0 1
DEBUG:root:Order:4 19 1
DEBUG:root:Finish turn

DEBUG:root:Order:15 10 40.0
DEBUG:root:Order:2 15 10
DEBUG:root:Order:4 15 7
DEBUG:root:Bad order:0 3.0 5
DEBUG:root:Order:19 15 5
DEBUG:root:Finish turn

DEBUG:root:Order:0 15 4
DEBUG:root:Order:2 15 3
DEBUG:root:Order:2 19 3
DEBUG:root:Finish turn

DEBUG:root:Order:19 0 1
DEBUG:root:Finish turn

DEBUG:root:Order:2 0 1
DEBUG:root:Order:2 19 1
DEBUG:root:Order:2 4 2
DEBUG:root:Finish turn

DEBUG:root:Order:2 0 1
DEBUG:root:Order:2 19 1
DEBUG:root:Finish turn

DEBUG:root:Order:2 0 1
DEBUG:root:Order:15 0 1
DEBUG:root:Order:15 19 1
DEBUG:root:Finish turn

DEBUG:root:Order:2 19 2
DEBUG:root:Order:2 0 1
DEBUG:root:Finish turn

DEBUG:root:Order:4 5 46.0
DEBUG:root:Order:2 9 18
DEBUG:root:Order:15 9 13
DEBUG:root:Order:15 4 16
DEBUG:root:Order:0 4 13
DEBUG:root:Order:19 4 1
DEBUG:root:Finish turn

DEBUG:root:Order:19 15 11
DEBUG:root:Order:19 0 11
DEBUG:root:Order:2 0 3
DEBUG:root:Finish turn

DEBUG:root:Order:0 19 11
DEBUG:root:Order:2 19 1
DEBUG:root:Order:2 4 1
DEBUG:root:Order:2 9 1
DEBUG:root:Order:2 15 2
DEBUG:root:Finish turn

DEBUG:root:Order:15 19 1
DEBUG:root:Order:15 0 2
DEBUG:root:Finish turn

DEBUG:root:Order:2 5 9
DEBUG:root:Order:0 5 6
DEBUG:root:Order:15 5 6
DEBUG:root:Order:4 5 5
DEBUG:root:Order:9 5 5
DEBUG:root:Order:19 5 4
DEBUG:root:Finish turn

DEBUG:root:Order:2 0 1
DEBUG:root:Order:2 19 1
DEBUG:root:Order:2 4 2
DEBUG:root:Order:5 4 2
DEBUG:root:Finish turn

DEBUG:root:Order:4 0 2
DEBUG:root:Order:4 19 2
DEBUG:root:Order:4 9 1
DEBUG:root:Finish turn

DEBUG:root:Order:2 6 46.0
DEBUG:root:Order:5 2 11
DEBUG:root:Order:15 2 7
DEBUG:root:Order:9 2 5
DEBUG:root:Order:0 2 4
DEBUG:root:Order:19 2 4
DEBUG:root:Order:4 2 3
DEBUG:root:Finish turn

DEBUG:root:Order:5 0 1
DEBUG:root:Order:5 19 1
DEBUG:root:Order:5 2 2
DEBUG:root:Finish turn

DEBUG:root:Order:2 0 2
DEBUG:root:Order:2 19 2
DEBUG:root:Order:2 4 1
DEBUG:root:Order:2 9 1
DEBUG:root:Finish turn

DEBUG:root:Order:5 0 1
DEBUG:root:Order:5 19 1
DEBUG:root:Order:5 4 3
DEBUG:root:Order:15 4 1
DEBUG:root:Finish turn

DEBUG:root:Order:2 10 8
DEBUG:root:Order:4 10 8
DEBUG:root:Order:5 10 6
DEBUG:root:Order:15 10 6
DEBUG:root:Order:9 10 4
DEBUG:root:Order:0 10 3
DEBUG:root:Order:19 10 3
DEBUG:root:Finish turn

DEBUG:root:Order:2 10 2
DEBUG:root:Order:5 10 2
DEBUG:root:Order:5 0 1
DEBUG:root:Order:5 19 1
DEBUG:root:Order:5 4 2
DEBUG:root:Finish turn

DEBUG:root:Order:2 0 1
DEBUG:root:Order:2 19 1
DEBUG:root:Order:2 5 3
DEBUG:root:Order:4 5 1
DEBUG:root:Order:15 5 1
DEBUG:root:Finish turn

DEBUG:root:Order:5 0 2
DEBUG:root:Order:5 19 2
DEBUG:root:Order:5 9 1
DEBUG:root:Order:5 10 1
DEBUG:root:Order:5 4 6
DEBUG:root:Finish turn

DEBUG:root:Order:4 5 3
DEBUG:root:Order:4 0 2
DEBUG:root:Order:4 19 2
DEBUG:root:Order:4 9 1
DEBUG:root:Order:4 10 1
DEBUG:root:Finish turn

DEBUG:root:Order:15 11 54.0
DEBUG:root:Order:2 15 12
DEBUG:root:Order:5 15 9
DEBUG:root:Order:9 15 6
DEBUG:root:Order:10 15 6
DEBUG:root:Order:0 15 5
DEBUG:root:Order:19 15 5
DEBUG:root:Order:4 15 2
DEBUG:root:Finish turn

DEBUG:root:Order:2 0 1
DEBUG:root:Order:2 19 1
DEBUG:root:Order:2 4 2
DEBUG:root:Order:5 4 2
DEBUG:root:Finish turn

DEBUG:root:Order:4 0 2
DEBUG:root:Order:4 19 2
DEBUG:root:Order:4 9 1
DEBUG:root:Order:4 10 1
DEBUG:root:Order:4 15 2
DEBUG:root:Order:5 15 2
DEBUG:root:Finish turn

DEBUG:root:Order:2 12 54.0
DEBUG:root:Order:15 2 11
DEBUG:root:Order:5 2 10
DEBUG:root:Order:9 2 6
DEBUG:root:Order:10 2 6
DEBUG:root:Order:0 2 5
DEBUG:root:Order:19 2 5
DEBUG:root:Order:4 2 1
DEBUG:root:Finish turn

DEBUG:root:Order:2 0 1
DEBUG:root:Order:2 19 1
DEBUG:root:Order:2 4 2
DEBUG:root:Order:5 4 2
DEBUG:root:Finish turn

DEBUG:root:Order:4 11 8
DEBUG:root:Order:5 11 8
DEBUG:root:Order:2 11 6
DEBUG:root:Order:15 11 6
DEBUG:root:Order:9 11 4
DEBUG:root:Order:10 11 4
DEBUG:root:Order:0 11 3
DEBUG:root:Order:19 11 3
DEBUG:root:Finish turn

DEBUG:root:Order:2 11 3
DEBUG:root:Order:5 11 2
DEBUG:root:Order:5 0 1
DEBUG:root:Order:5 19 1
DEBUG:root:Finish turn

DEBUG:root:Order:2 0 1
DEBUG:root:Order:2 19 1
DEBUG:root:Order:2 4 2
DEBUG:root:Order:5 4 1
DEBUG:root:Order:11 4 1
DEBUG:root:Order:15 4 1
DEBUG:root:Finish turn

DEBUG:root:Order:4 0 2
DEBUG:root:Order:4 19 2
DEBUG:root:Order:4 9 1
DEBUG:root:Order:4 10 1
DEBUG:root:Finish turn

DEBUG:root:Order:5 13 62.0
DEBUG:root:Order:2 5 9
DEBUG:root:Order:11 5 9
DEBUG:root:Order:15 5 7
DEBUG:root:Order:9 5 5
DEBUG:root:Order:10 5 5
DEBUG:root:Order:0 5 4
DEBUG:root:Order:19 5 4
DEBUG:root:Order:4 5 3
DEBUG:root:Finish turn

DEBUG:root:Order:2 5 2
DEBUG:root:Order:2 0 1
DEBUG:root:Order:2 19 1
DEBUG:root:Order:2 4 2
DEBUG:root:Order:11 4 1
DEBUG:root:Finish turn

DEBUG:root:Order:4 0 2
DEBUG:root:Order:4 19 2
DEBUG:root:Order:4 2 1
DEBUG:root:Order:4 9 1
DEBUG:root:Order:4 10 1
DEBUG:root:Finish turn

DEBUG:root:Order:5 4 4
DEBUG:root:Order:11 4 1
DEBUG:root:Order:11 0 1
DEBUG:root:Order:11 19 1
DEBUG:root:Order:11 9 3
DEBUG:root:Order:2 9 2
DEBUG:root:Order:15 9 1
DEBUG:root:Finish turn

DEBUG:root:Order:9 0 2
DEBUG:root:Order:9 19 2
DEBUG:root:Order:9 4 1
DEBUG:root:Order:9 10 1
DEBUG:root:Order:9 11 1
DEBUG:root:Finish turn

DEBUG:root:Order:2 9 3
DEBUG:root:Order:2 0 2
DEBUG:root:Order:2 19 2
DEBUG:root:Order:2 4 1
DEBUG:root:Order:2 10 1
DEBUG:root:Finish turn

DEBUG:root:Order:15 14 62.0
DEBUG:root:Order:5 15 13
DEBUG:root:Order:11 15 8
DEBUG:root:Order:4 15 5
DEBUG:root:Order:9 15 5
DEBUG:root:Order:10 15 5
DEBUG:root:Order:0 15 4
DEBUG:root:Order:2 15 4
DEBUG:root:Order:19 15 4
DEBUG:root:Finish turn

DEBUG:root:Order:4 7 64.0
DEBUG:root:Order:2 4 10
DEBUG:root:Order:5 4 10
DEBUG:root:Order:11 4 9
DEBUG:root:Order:9 4 7
DEBUG:root:Order:10 4 7
DEBUG:root:Order:0 4 6
DEBUG:root:Order:19 4 6
DEBUG:root:Order:15 4 1
DEBUG:root:Finish turn

DEBUG:root:Order:2 0 1
DEBUG:root:Order:2 4 1
DEBUG:root:Order:2 19 1
DEBUG:root:Order:2 9 2
DEBUG:root:Order:5 9 2
DEBUG:root:Order:11 9 1
DEBUG:root:Finish turn

DEBUG:root:Order:9 0 2
DEBUG:root:Order:9 19 2
DEBUG:root:Order:9 4 1
DEBUG:root:Order:9 10 1
DEBUG:root:Order:9 2 3
DEBUG:root:Order:5 2 2
DEBUG:root:Order:11 2 1
DEBUG:root:Finish turn

DEBUG:root:Order:2 6 11
DEBUG:root:Order:5 6 6
DEBUG:root:Order:11 6 5
DEBUG:root:Order:15 6 4
DEBUG:root:Order:4 6 2
DEBUG:root:Order:10 6 2
DEBUG:root:Order:0 6 1
DEBUG:root:Order:0 9 1
DEBUG:root:Order:19 9 1
DEBUG:root:Finish turn

DEBUG:root:Order:2 0 2
DEBUG:root:Order:2 9 1
DEBUG:root:Order:2 19 1
DEBUG:root:Order:2 4 2
DEBUG:root:Order:5 4 2
DEBUG:root:Order:6 4 1
DEBUG:root:Order:11 4 1
DEBUG:root:Finish turn

DEBUG:root:Order:11 8 64.0
DEBUG:root:Order:4 11 10
DEBUG:root:Order:5 11 8
DEBUG:root:Order:6 11 8
DEBUG:root:Order:15 11 6
DEBUG:root:Order:2 11 4
DEBUG:root:Order:9 11 4
DEBUG:root:Order:10 11 4
DEBUG:root:Order:0 11 3
DEBUG:root:Order:19 11 3
DEBUG:root:Finish turn

DEBUG:root:Order:2 11 2
DEBUG:root:Order:5 11 2
DEBUG:root:Order:6 11 1
DEBUG:root:Order:6 0 1
DEBUG:root:Order:6 19 1
DEBUG:root:Order:6 4 2
DEBUG:root:Finish turn

DEBUG:root:Order:2 0 2
DEBUG:root:Order:2 19 2
DEBUG:root:Order:2 9 1
DEBUG:root:Order:2 10 1
DEBUG:root:Order:2 6 2
DEBUG:root:Order:5 6 2
DEBUG:root:Finish turn

DEBUG:root:Order:5 17 69.0
DEBUG:root:Order:6 5 12
DEBUG:root:Order:11 5 8
DEBUG:root:Order:15 5 7
DEBUG:root:Order:4 5 6
DEBUG:root:Order:9 5 5
DEBUG:root:Order:10 5 5
DEBUG:root:Order:0 5 4
DEBUG:root:Order:19 5 4
DEBUG:root:Order:2 5 3
DEBUG:root:Finish turn

DEBUG:root:Order:2 5 2
DEBUG:root:Order:6 5 1
DEBUG:root:Order:6 0 1
DEBUG:root:Order:6 19 1
DEBUG:root:Order:6 4 2
DEBUG:root:Order:11 4 1
DEBUG:root:Finish turn

DEBUG:root:Order:2 0 2
DEBUG:root:Order:2 19 2
DEBUG:root:Order:2 9 1
DEBUG:root:Order:2 10 1
DEBUG:root:Order:2 6 2
DEBUG:root:Order:4 6 1
DEBUG:root:Order:5 6 1
DEBUG:root:Order:11 6 1
DEBUG:root:Finish turn

DEBUG:root:Order:6 2 3
DEBUG:root:Order:6 0 2
DEBUG:root:Order:6 19 2
DEBUG:root:Order:6 9 1
DEBUG:root:Order:6 10 1
DEBUG:root:Order:6 4 6
DEBUG:root:Order:5 4 2
DEBUG:root:Order:11 4 1
DEBUG:root:Finish turn

DEBUG:root:Order:9 18 69.0
DEBUG:root:Order:4 14 20
DEBUG:root:Order:5 14 15
DEBUG:root:Order:2 14 14
DEBUG:root:Order:11 14 14
DEBUG:root:Order:11 9 14
DEBUG:root:Order:15 9 13
DEBUG:root:Order:10 9 11
DEBUG:root:Order:0 9 10
DEBUG:root:Order:19 9 9
DEBUG:root:Finish turn

DEBUG:root:Order:6 8 14
DEBUG:root:Order:2 8 8
DEBUG:root:Order:5 8 8
DEBUG:root:Bad order:14 5.0 6
DEBUG:root:Order:15 8 6
DEBUG:root:Order:4 8 5
DEBUG:root:Order:10 8 5
DEBUG:root:Order:19 8 5
DEBUG:root:Order:0 8 4
DEBUG:root:Bad order:9 3.0 4
DEBUG:root:Finish turn

DEBUG:root:Order:14 8 7
DEBUG:root:Bad order:14 2.0 5
DEBUG:root:Order:14 0 1
DEBUG:root:Order:14 19 1
DEBUG:root:Bad order:14 0.0 7
DEBUG:root:Order:9 4 3
DEBUG:root:Order:2 4 2
DEBUG:root:Order:5 4 2
DEBUG:root:Order:6 4 2
DEBUG:root:Finish turn

DEBUG:root:Order:4 11 4
DEBUG:root:Order:4 0 2
DEBUG:root:Order:4 8 2
DEBUG:root:Order:4 19 2
DEBUG:root:Order:4 10 1
DEBUG:root:Order:4 9 7
DEBUG:root:Order:2 9 2
DEBUG:root:Order:5 9 2
DEBUG:root:Order:6 9 2
DEBUG:root:Finish turn

DEBUG:root:Bad order:9 9.0 11
DEBUG:root:Order:9 0 2
DEBUG:root:Order:9 8 2
DEBUG:root:Order:9 19 2
DEBUG:root:Order:9 10 1
DEBUG:root:Finish turn

DEBUG:root:Order:2 4 4
DEBUG:root:Order:5 4 4
DEBUG:root:Order:6 4 4
DEBUG:root:Order:6 0 2
DEBUG:root:Order:6 8 2
DEBUG:root:Order:6 19 2
DEBUG:root:Order:6 10 1
DEBUG:root:Finish turn

DEBUG:root:Order:15 21 76.0
DEBUG:root:Order:2 15 9
DEBUG:root:Order:5 15 9
DEBUG:root:Bad order:9 7.0 9
DEBUG:root:Order:11 15 9
DEBUG:root:Order:14 15 9
DEBUG:root:Order:4 15 5
DEBUG:root:Order:10 15 5
DEBUG:root:Order:0 15 4
DEBUG:root:Order:8 15 4
DEBUG:root:Order:19 15 4
DEBUG:root:Order:6 15 2
DEBUG:root:Finish turn

DEBUG:root:Order:9 15 8
DEBUG:root:Order:9 0 1
DEBUG:root:Bad order:9 0.0 1
DEBUG:root:Bad order:9 0.0 1
DEBUG:root:Bad order:9 0.0 8
DEBUG:root:Order:2 4 2
DEBUG:root:Order:5 4 2
DEBUG:root:Order:6 4 2
DEBUG:root:Order:11 4 1
DEBUG:root:Order:14 4 1
DEBUG:root:Finish turn

DEBUG:root:Order:4 8 3
DEBUG:root:Order:4 19 3
DEBUG:root:Order:4 0 2
DEBUG:root:Order:4 9 1
DEBUG:root:Order:4 10 1
DEBUG:root:Order:4 15 6
DEBUG:root:Order:2 15 2
DEBUG:root:Order:5 15 2
DEBUG:root:Order:6 15 2
DEBUG:root:Order:11 15 1
DEBUG:root:Order:14 15 1
DEBUG:root:Finish turn

DEBUG:root:Order:2 22 76.0
DEBUG:root:Bad order:15 10.0 19
DEBUG:root:Order:5 2 8
DEBUG:root:Order:6 2 8
DEBUG:root:Order:11 2 7
DEBUG:root:Order:14 2 7
DEBUG:root:Order:9 2 4
DEBUG:root:Order:10 2 4
DEBUG:root:Order:0 2 3
DEBUG:root:Order:8 2 3
DEBUG:root:Order:19 2 3
DEBUG:root:Finish turn

DEBUG:root:Bad order:15 21.0 25
DEBUG:root:Order:5 17 8
DEBUG:root:Order:6 17 8
DEBUG:root:Order:11 17 7
DEBUG:root:Order:14 17 7
DEBUG:root:Bad order:9 3.0 5
DEBUG:root:Order:10 17 5
DEBUG:root:Order:0 17 4
DEBUG:root:Order:8 17 4
DEBUG:root:Order:19 17 4
DEBUG:root:Finish turn

DEBUG:root:Order:15 17 19
DEBUG:root:Order:15 2 10
DEBUG:root:Order:15 0 1
DEBUG:root:Order:15 8 1
DEBUG:root:Order:15 19 1
DEBUG:root:Bad order:15 1.0 25
DEBUG:root:Order:9 4 4
DEBUG:root:Order:5 4 2
DEBUG:root:Order:6 4 2
DEBUG:root:Order:11 4 1
DEBUG:root:Order:14 4 1
DEBUG:root:Finish turn

DEBUG:root:Order:4 15 6
DEBUG:root:Order:4 0 2
DEBUG:root:Order:4 8 2
DEBUG:root:Order:4 19 2
DEBUG:root:Order:4 10 1
DEBUG:root:Order:4 9 8
DEBUG:root:Order:5 9 2
DEBUG:root:Order:6 9 2
DEBUG:root:Order:2 9 1
DEBUG:root:Order:11 9 1
DEBUG:root:Order:14 9 1
DEBUG:root:Order:17 9 1
DEBUG:root:Finish turn

DEBUG:root:Order:9 4 13
DEBUG:root:Order:9 0 2
DEBUG:root:Order:9 8 2
DEBUG:root:Order:9 19 2
DEBUG:root:Order:9 10 1
DEBUG:root:Order:9 15 14
DEBUG:root:Order:2 15 2
DEBUG:root:Order:5 15 2
DEBUG:root:Order:6 15 2
DEBUG:root:Order:17 15 2
DEBUG:root:Order:11 15 1
DEBUG:root:Order:14 15 1
DEBUG:root:Finish turn

DEBUG:root:Bad order:15 25.0 39
DEBUG:root:Order:2 18 18
DEBUG:root:Order:5 18 18
DEBUG:root:Order:6 18 18
DEBUG:root:Order:17 18 18
DEBUG:root:Order:11 18 17
DEBUG:root:Order:14 18 17
DEBUG:root:Order:4 18 14
DEBUG:root:Order:10 18 14
DEBUG:root:Order:0 18 13
DEBUG:root:Order:8 18 13
DEBUG:root:Order:19 18 13
DEBUG:root:Finish turn

DEBUG:root:Bad order:15 30.0 37
DEBUG:root:Order:15 9 5
DEBUG:root:Order:15 0 1
DEBUG:root:Order:15 8 1
DEBUG:root:Order:15 19 1
DEBUG:root:Bad order:15 22.0 39
DEBUG:root:Order:2 4 2
DEBUG:root:Order:5 4 2
DEBUG:root:Order:6 4 2
DEBUG:root:Order:17 4 2
DEBUG:root:Order:11 4 1
DEBUG:root:Order:14 4 1
DEBUG:root:Finish turn

DEBUG:root:Order:15 18 31
DEBUG:root:Order:4 18 5
DEBUG:root:Order:4 0 3
DEBUG:root:Order:4 8 3
DEBUG:root:Order:4 19 3
DEBUG:root:Order:4 9 2
DEBUG:root:Order:4 10 2
DEBUG:root:Finish turn

DEBUG:root:Order:2 4 3
DEBUG:root:Order:5 4 3
DEBUG:root:Order:6 4 3
DEBUG:root:Order:17 4 2
DEBUG:root:Order:17 0 2
DEBUG:root:Order:17 8 2
DEBUG:root:Order:17 19 2
DEBUG:root:Order:17 9 1
DEBUG:root:Order:17 10 1
DEBUG:root:Order:17 15 3
DEBUG:root:Order:11 15 1
DEBUG:root:Order:14 15 1
DEBUG:root:Order:18 15 1
DEBUG:root:Finish turn

DEBUG:root:Order:15 17 5
DEBUG:root:Order:2 17 2
DEBUG:root:Order:2 0 2
DEBUG:root:Order:2 8 2
DEBUG:root:Order:2 19 2
DEBUG:root:Order:2 4 1
DEBUG:root:Order:2 9 1
DEBUG:root:Order:2 10 1
DEBUG:root:Finish turn

DEBUG:root:Order:5 2 4
DEBUG:root:Order:6 2 2
DEBUG:root:Order:6 0 2
DEBUG:root:Order:6 8 2
DEBUG:root:Order:6 19 2
DEBUG:root:Order:6 4 1
DEBUG:root:Order:6 9 1
DEBUG:root:Order:6 10 1
DEBUG:root:Finish turn

DEBUG:root:Order:18 21 11
DEBUG:root:Order:11 21 8
DEBUG:root:Order:14 21 8
DEBUG:root:Order:17 21 8
DEBUG:root:Order:5 21 7
DEBUG:root:Order:2 21 6
DEBUG:root:Order:15 21 5
DEBUG:root:Order:4 21 3
DEBUG:root:Order:9 21 3
DEBUG:root:Order:10 21 3
DEBUG:root:Order:0 21 2
DEBUG:root:Order:8 21 2
DEBUG:root:Order:19 21 2
DEBUG:root:Finish turn

DEBUG:root:Order:2 22 7
DEBUG:root:Order:5 22 7
DEBUG:root:Order:6 22 7
DEBUG:root:Order:17 22 7
DEBUG:root:Order:18 22 7
DEBUG:root:Order:11 22 6
DEBUG:root:Order:14 22 6
DEBUG:root:Order:15 22 5
DEBUG:root:Order:4 22 4
DEBUG:root:Order:9 22 4
DEBUG:root:Order:10 22 4
DEBUG:root:Order:0 22 3
DEBUG:root:Order:8 22 3
DEBUG:root:Order:19 22 3
DEBUG:root:Finish turn

DEBUG:root:Order:2 21 2
DEBUG:root:Order:5 21 2
DEBUG:root:Order:6 21 1
DEBUG:root:Order:6 22 2
DEBUG:root:Order:17 22 1
DEBUG:root:Order:17 0 1
DEBUG:root:Order:17 8 1
DEBUG:root:Order:17 19 1
DEBUG:root:Order:17 4 2
DEBUG:root:Order:18 4 2
DEBUG:root:Order:11 4 1
DEBUG:root:Order:14 4 1
DEBUG:root:Finish turn

DEBUG:root:Order:4 0 2
DEBUG:root:Order:4 8 2
DEBUG:root:Order:4 19 2
DEBUG:root:Order:4 9 1
DEBUG:root:Order:4 10 1
DEBUG:root:Order:4 17 1
DEBUG:root:Order:4 21 4
DEBUG:root:Order:2 21 2
DEBUG:root:Order:5 21 2
DEBUG:root:Order:18 21 2
DEBUG:root:Order:6 21 1
DEBUG:root:Order:11 21 1
DEBUG:root:Order:14 21 1
DEBUG:root:Finish turn

DEBUG:root:Order:21 4 9
DEBUG:root:Order:21 0 2
DEBUG:root:Order:21 8 2
DEBUG:root:Order:21 19 2
DEBUG:root:Order:21 9 1
DEBUG:root:Order:21 10 1
DEBUG:root:Order:21 22 12
DEBUG:root:Order:2 22 2
DEBUG:root:Order:5 22 2
DEBUG:root:Order:6 22 2
DEBUG:root:Order:18 22 2
DEBUG:root:Order:11 22 1
DEBUG:root:Order:14 22 1
DEBUG:root:Order:17 22 1
DEBUG:root:Finish turn

DEBUG:root:Order:22 21 17
DEBUG:root:Order:22 0 3
DEBUG:root:Order:22 8 3
DEBUG:root:Order:22 19 3
DEBUG:root:Order:22 4 2
DEBUG:root:Order:22 9 2
DEBUG:root:Bad order:22 1.0 2
DEBUG:root:Bad order:22 1.0 21
DEBUG:root:Order:2 15 1
DEBUG:root:Order:5 15 1
DEBUG:root:Order:6 15 1
DEBUG:root:Order:17 15 1
DEBUG:root:Order:18 15 1
DEBUG:root:Finish turn

DEBUG:root:Order:15 22 4
DEBUG:root:Order:2 22 2
DEBUG:root:Order:5 22 2
DEBUG:root:Order:5 10 2
DEBUG:root:Order:6 10 1
DEBUG:root:Order:6 0 2
DEBUG:root:Order:6 8 2
DEBUG:root:Order:6 19 2
DEBUG:root:Order:6 4 1
DEBUG:root:Order:6 9 1
DEBUG:root:Order:6 21 2
DEBUG:root:Order:17 21 2
DEBUG:root:Order:11 21 1
DEBUG:root:Order:14 21 1
DEBUG:root:Finish turn

DEBUG:root:Order:21 22 13
DEBUG:root:Order:2 22 10
DEBUG:root:Order:17 22 10
DEBUG:root:Order:11 22 9
DEBUG:root:Order:14 22 9
DEBUG:root:Order:5 22 8
DEBUG:root:Order:15 22 8
DEBUG:root:Order:4 22 6
DEBUG:root:Order:9 22 6
DEBUG:root:Order:10 22 6
DEBUG:root:Order:0 22 5
DEBUG:root:Order:8 22 5
DEBUG:root:Order:19 22 5
DEBUG:root:Order:6 22 1
DEBUG:root:Finish turn

DEBUG:root:Order:2 18 2
DEBUG:root:Order:5 18 2
DEBUG:root:Order:6 18 1
DEBUG:root:Order:6 22 2
DEBUG:root:Order:17 22 2
DEBUG:root:Order:17 0 1
DEBUG:root:Order:17 8 1
DEBUG:root:Order:17 19 1
DEBUG:root:Order:17 4 2
DEBUG:root:Order:11 4 1
DEBUG:root:Order:14 4 1
DEBUG:root:Finish turn

DEBUG:root:Order:2 0 2
DEBUG:root:Order:2 8 2
DEBUG:root:Order:2 17 2
DEBUG:root:Order:2 19 2
DEBUG:root:Order:2 9 1
DEBUG:root:Order:2 10 1
DEBUG:root:Order:2 22 2
DEBUG:root:Order:4 22 2
DEBUG:root:Order:5 22 2
DEBUG:root:Order:6 22 1
DEBUG:root:Order:11 22 1
DEBUG:root:Order:14 22 1
DEBUG:root:Order:18 22 1
DEBUG:root:Finish turn

DEBUG:root:Order:22 2 7
DEBUG:root:Order:22 0 2
DEBUG:root:Order:22 8 2
DEBUG:root:Order:22 19 2
DEBUG:root:Order:22 9 1
DEBUG:root:Order:22 10 1
DEBUG:root:Order:22 4 9
DEBUG:root:Order:5 4 2
DEBUG:root:Order:6 4 2
DEBUG:root:Order:18 4 2
DEBUG:root:Order:11 4 1
DEBUG:root:Order:14 4 1
DEBUG:root:Order:17 4 1
DEBUG:root:Finish turn

DEBUG:root:Order:4 22 14
DEBUG:root:Order:4 0 2
DEBUG:root:Order:4 8 2
DEBUG:root:Order:4 19 2
DEBUG:root:Order:4 9 1
DEBUG:root:Order:4 10 1
DEBUG:root:Finish turn

DEBUG:root:Order:5 4 3
DEBUG:root:Order:6 4 3
DEBUG:root:Order:17 4 1
DEBUG:root:Order:17 0 3
DEBUG:root:Order:17 8 3
DEBUG:root:Order:17 19 3
DEBUG:root:Order:17 9 2
DEBUG:root:Order:17 10 2
DEBUG:root:Order:17 22 1
DEBUG:root:Order:17 15 3
DEBUG:root:Order:18 15 3
DEBUG:root:Order:2 15 2
DEBUG:root:Order:11 15 1
DEBUG:root:Order:14 15 1
DEBUG:root:Finish turn

DEBUG:root:Order:15 17 9
DEBUG:root:Order:2 17 2
DEBUG:root:Order:5 17 1
DEBUG:root:Order:5 0 2
DEBUG:root:Order:5 8 2
DEBUG:root:Order:5 19 2
DEBUG:root:Order:5 4 1
DEBUG:root:Order:5 9 1
DEBUG:root:Order:5 10 1
DEBUG:root:Order:5 21 2
DEBUG:root:Order:6 21 2
DEBUG:root:Order:18 21 2
DEBUG:root:Order:11 21 1
DEBUG:root:Order:14 21 1
DEBUG:root:Finish turn

DEBUG:root:Order:21 5 7
DEBUG:root:Order:21 0 2
DEBUG:root:Order:21 8 2
DEBUG:root:Order:21 19 2
DEBUG:root:Order:21 4 1
DEBUG:root:Order:21 9 1
DEBUG:root:Order:21 10 1
DEBUG:root:Order:21 22 7
DEBUG:root:Order:2 22 2
DEBUG:root:Order:6 22 2
DEBUG:root:Order:18 22 2
DEBUG:root:Order:11 22 1
DEBUG:root:Order:14 22 1
DEBUG:root:Order:17 22 1
DEBUG:root:Finish turn

DEBUG:root:Order:22 21 15
DEBUG:root:Order:22 0 2
DEBUG:root:Order:22 8 2
DEBUG:root:Order:22 19 2
DEBUG:root:Order:22 4 1
DEBUG:root:Order:22 9 1
DEBUG:root:Order:22 10 1
DEBUG:root:Finish turn

DEBUG:root:Order:2 22 4
DEBUG:root:Order:6 22 4
DEBUG:root:Order:6 0 2
DEBUG:root:Order:6 8 2
DEBUG:root:Order:6 19 2
DEBUG:root:Order:6 4 1
DEBUG:root:Order:6 9 1
DEBUG:root:Order:6 10 1
DEBUG:root:Order:6 21 4
DEBUG:root:Order:17 21 4
DEBUG:root:Order:18 21 4
DEBUG:root:Order:5 21 3
DEBUG:root:Order:11 21 2
DEBUG:root:Order:14 21 2
DEBUG:root:Finish turn

DEBUG:root:Order:21 6 11
DEBUG:root:Order:21 0 3
DEBUG:root:Order:21 8 3
DEBUG:root:Order:21 19 3
DEBUG:root:Order:21 4 2
DEBUG:root:Order:21 9 2
DEBUG:root:Order:21 10 2
DEBUG:root:Order:21 22 1
DEBUG:root:Order:21 15 17
DEBUG:root:Order:2 15 1
DEBUG:root:Order:5 15 1
DEBUG:root:Order:17 15 1
DEBUG:root:Order:18 15 1
DEBUG:root:Finish turn

DEBUG:root:Order:15 21 20
DEBUG:root:Order:2 21 2
DEBUG:root:Order:5 21 2
DEBUG:root:Order:17 21 2
DEBUG:root:Order:17 0 2
DEBUG:root:Order:17 8 2
DEBUG:root:Order:17 19 2
DEBUG:root:Order:17 4 1
DEBUG:root:Order:17 9 1
DEBUG:root:Order:17 10 1
DEBUG:root:Order:17 22 2
DEBUG:root:Order:18 22 2
DEBUG:root:Order:6 22 1
DEBUG:root:Order:11 22 1
DEBUG:root:Order:14 22 1
DEBUG:root:Finish turn

DEBUG:root:Order:22 17 6
DEBUG:root:Order:2 17 2
DEBUG:root:Order:2 0 2
DEBUG:root:Order:2 8 2
DEBUG:root:Order:2 19 2
DEBUG:root:Order:2 4 1
DEBUG:root:Order:2 9 1
DEBUG:root:Order:2 10 1
DEBUG:root:Order:2 21 2
DEBUG:root:Order:5 21 2
DEBUG:root:Order:6 21 2
DEBUG:root:Order:18 21 2
DEBUG:root:Order:11 21 1
DEBUG:root:Order:14 21 1
DEBUG:root:Finish turn

DEBUG:root:Order:21 2 8
DEBUG:root:Order:21 0 2
DEBUG:root:Order:21 8 2
DEBUG:root:Order:21 19 2
DEBUG:root:Order:21 4 1
DEBUG:root:Order:21 9 1
DEBUG:root:Order:21 10 1
DEBUG:root:Finish turn

DEBUG:root:Order:5 21 4
DEBUG:root:Order:6 21 3
DEBUG:root:Order:6 0 2
DEBUG:root:Order:6 8 2
DEBUG:root:Order:6 19 2
DEBUG:root:Order:6 4 1
DEBUG:root:Order:6 9 1
DEBUG:root:Order:6 10 1
DEBUG:root:Finish turn

DEBUG:root:Order:18 6 6
DEBUG:root:Order:18 0 3
DEBUG:root:Order:18 8 3
DEBUG:root:Order:18 19 3
DEBUG:root:Order:18 4 2
DEBUG:root:Order:18 9 2
DEBUG:root:Order:18 10 2
DEBUG:root:Order:18 21 1
DEBUG:root:Finish turn

DEBUG:root:Order:17 18 6
DEBUG:root:Order:2 18 4
DEBUG:root:Order:5 18 3
DEBUG:root:Order:11 18 1
DEBUG:root:Order:11 0 2
DEBUG:root:Order:11 8 2
DEBUG:root:Order:11 19 2
DEBUG:root:Order:11 4 1
DEBUG:root:Order:11 9 1
DEBUG:root:Order:11 10 1
DEBUG:root:Order:11 15 3
DEBUG:root:Order:14 15 3
DEBUG:root:Order:6 15 1
DEBUG:root:Finish turn

DEBUG:root:Order:15 11 6
DEBUG:root:Order:2 11 2
DEBUG:root:Order:2 0 2
DEBUG:root:Order:2 8 2
DEBUG:root:Order:2 19 2
DEBUG:root:Order:2 4 1
DEBUG:root:Order:2 9 1
DEBUG:root:Order:2 10 1
DEBUG:root:Order:2 21 2
DEBUG:root:Order:5 21 2
DEBUG:root:Order:6 21 2
DEBUG:root:Order:17 21 2
DEBUG:root:Order:14 21 1
DEBUG:root:Order:18 21 1
DEBUG:root:Finish turn

DEBUG:root:Order:21 2 8
DEBUG:root:Order:21 0 2
DEBUG:root:Order:21 8 2
DEBUG:root:Order:21 19 2
DEBUG:root:Order:21 4 1
DEBUG:root:Order:21 9 1
DEBUG:root:Order:21 10 1
DEBUG:root:Order:21 22 9
DEBUG:root:Order:5 22 2
DEBUG:root:Order:6 22 2
DEBUG:root:Order:17 22 2
DEBUG:root:Order:18 22 2
DEBUG:root:Order:14 22 1
DEBUG:root:Finish turn

DEBUG:root:Order:22 21 16
DEBUG:root:Order:22 0 2
DEBUG:root:Order:22 8 2
DEBUG:root:Order:22 19 2
DEBUG:root:Order:22 4 1
DEBUG:root:Order:22 9 1
DEBUG:root:Order:22 10 1
DEBUG:root:Finish turn

DEBUG:root:Order:5 22 4
DEBUG:root:Order:6 22 3
DEBUG:root:Order:6 0 2
DEBUG:root:Order:6 8 2
DEBUG:root:Order:6 19 2
DEBUG:root:Order:6 4 1
DEBUG:root:Order:6 9 1
DEBUG:root:Order:6 10 1
DEBUG:root:Order:6 21 4
DEBUG:root:Order:17 21 4
DEBUG:root:Order:18 21 4
DEBUG:root:Order:2 21 3
DEBUG:root:Order:11 21 2
DEBUG:root:Order:14 21 2
DEBUG:root:Finish turn

DEBUG:root:Order:21 6 10
DEBUG:root:Order:21 0 3
DEBUG:root:Order:21 8 3
DEBUG:root:Order:21 19 3
DEBUG:root:Order:21 4 2
DEBUG:root:Order:21 9 2
DEBUG:root:Order:21 10 2
DEBUG:root:Order:21 22 1
DEBUG:root:Order:21 15 17
DEBUG:root:Order:2 15 1
DEBUG:root:Order:5 15 1
DEBUG:root:Order:17 15 1
DEBUG:root:Order:18 15 1
DEBUG:root:Finish turn

DEBUG:root:Order:15 21 20
DEBUG:root:Order:2 21 2
DEBUG:root:Order:5 21 2
DEBUG:root:Order:17 21 1
DEBUG:root:Order:17 0 2
DEBUG:root:Order:17 8 2
DEBUG:root:Order:17 19 2
DEBUG:root:Order:17 4 1
DEBUG:root:Order:17 9 1
DEBUG:root:Order:17 10 1
DEBUG:root:Order:17 22 2
DEBUG:root:Order:18 22 2
DEBUG:root:Order:6 22 1
DEBUG:root:Order:11 22 1
DEBUG:root:Order:14 22 1
DEBUG:root:Finish turn

DEBUG:root:Order:22 21 15
DEBUG:root:Order:2 21 11
DEBUG:root:Order:5 21 11
DEBUG:root:Order:6 21 11
DEBUG:root:Order:18 21 11
DEBUG:root:Order:11 21 10
DEBUG:root:Order:14 21 10
DEBUG:root:Order:15 21 9
DEBUG:root:Order:4 21 7
DEBUG:root:Order:9 21 7
DEBUG:root:Order:10 21 7
DEBUG:root:Order:0 21 6
DEBUG:root:Order:8 21 6
DEBUG:root:Order:19 21 6
DEBUG:root:Order:17 21 1
DEBUG:root:Finish turn

DEBUG:root:Order:2 21 2
DEBUG:root:Order:5 21 2
DEBUG:root:Order:6 21 2
DEBUG:root:Order:17 21 2
DEBUG:root:Order:18 21 2
DEBUG:root:Order:11 21 1
DEBUG:root:Order:14 21 1
DEBUG:root:Order:14 0 1
DEBUG:root:Order:14 8 1
DEBUG:root:Order:14 19 1
DEBUG:root:Order:14 4 1
DEBUG:root:Finish turn

DEBUG:root:Order:2 0 2
DEBUG:root:Order:2 8 2
DEBUG:root:Order:2 14 2
DEBUG:root:Order:2 19 2
DEBUG:root:Order:2 9 1
DEBUG:root:Order:2 10 1
DEBUG:root:Order:2 4 2
DEBUG:root:Order:5 4 2
DEBUG:root:Order:6 4 2
DEBUG:root:Order:17 4 2
DEBUG:root:Order:18 4 2
DEBUG:root:Order:11 4 1
DEBUG:root:Finish turn

DEBUG:root:Order:4 2 7
DEBUG:root:Order:4 0 2
DEBUG:root:Order:4 8 2
DEBUG:root:Order:4 19 2
DEBUG:root:Order:4 9 1
DEBUG:root:Order:4 10 1
DEBUG:root:Order:4 21 9
DEBUG:root:Order:5 21 2
DEBUG:root:Order:6 21 2
DEBUG:root:Order:17 21 2
DEBUG:root:Order:18 21 2
DEBUG:root:Order:11 21 1
DEBUG:root:Finish turn

DEBUG:root:Order:21 4 15
DEBUG:root:Order:21 0 2
DEBUG:root:Order:21 8 2
DEBUG:root:Order:21 19 2
DEBUG:root:Order:21 9 1
DEBUG:root:Order:21 10 1
DEBUG:root:Finish turn

DEBUG:root:Order:5 21 3
DEBUG:root:Order:6 21 3
DEBUG:root:Order:6 0 3
DEBUG:root:Order:6 8 3
DEBUG:root:Order:6 19 3
DEBUG:root:Order:6 4 2
DEBUG:root:Order:6 9 2
DEBUG:root:Order:6 10 2
DEBUG:root:Order:6 15 3
DEBUG:root:Order:17 15 3
DEBUG:root:Order:18 15 3
DEBUG:root:Order:2 15 2
DEBUG:root:Order:11 15 1
DEBUG:root:Order:14 15 1
DEBUG:root:Finish turn

DEBUG:root:Order:15 6 12
DEBUG:root:Order:2 6 2
DEBUG:root:Order:5 6 1
DEBUG:root:Order:5 0 2
DEBUG:root:Order:5 8 2
DEBUG:root:Order:5 19 2
DEBUG:root:Order:5 4 1
DEBUG:root:Order:5 9 1
DEBUG:root:Order:5 10 1
DEBUG:root:Order:5 21 2
DEBUG:root:Order:17 21 2
DEBUG:root:Order:18 21 2
DEBUG:root:Order:11 21 1
DEBUG:root:Order:14 21 1
DEBUG:root:Finish turn

DEBUG:root:Order:21 5 7
DEBUG:root:Order:21 0 2
DEBUG:root:Order:21 8 2
DEBUG:root:Order:21 19 2
DEBUG:root:Order:21 4 1
DEBUG:root:Order:21 9 1
DEBUG:root:Order:21 10 1
DEBUG:root:Order:21 22 7
DEBUG:root:Order:2 22 2
DEBUG:root:Order:17 22 2
DEBUG:root:Order:18 22 2
DEBUG:root:Order:6 22 1
DEBUG:root:Order:11 22 1
DEBUG:root:Order:14 22 1
DEBUG:root:Finish turn

DEBUG:root:Order:22 21 15
DEBUG:root:Order:22 0 2
DEBUG:root:Order:22 8 2
DEBUG:root:Order:22 19 2
DEBUG:root:Order:22 4 1
DEBUG:root:Order:22 9 1
DEBUG:root:Order:22 10 1
DEBUG:root:Finish turn

DEBUG:root:Order:2 21 14
DEBUG:root:Order:6 21 14
DEBUG:root:Order:17 21 14
DEBUG:root:Order:18 21 14
DEBUG:root:Order:5 21 13
DEBUG:root:Order:11 21 12
DEBUG:root:Order:14 21 12
DEBUG:root:Order:15 21 10
DEBUG:root:Order:4 21 8
DEBUG:root:Order:9 21 8
DEBUG:root:Order:10 21 8
DEBUG:root:Order:0 21 7
DEBUG:root:Order:8 21 7
DEBUG:root:Order:19 21 7
DEBUG:root:Order:22 21 1
DEBUG:root:Finish turn

DEBUG:root:Order:2 21 2
DEBUG:root:Order:5 21 2
DEBUG:root:Order:6 21 2
DEBUG:root:Order:17 21 2
DEBUG:root:Order:18 21 2
DEBUG:root:Order:11 21 1
DEBUG:root:Order:14 21 1
DEBUG:root:Finish turn

DEBUG:root:Order:2 0 2
DEBUG:root:Order:5 0 1
DEBUG:root:Order:5 8 2
DEBUG:root:Order:6 8 1
DEBUG:root:Order:6 19 2
DEBUG:root:Order:17 19 1
DEBUG:root:Order:17 4 1
DEBUG:root:Order:17 9 1
DEBUG:root:Order:17 10 1
DEBUG:root:Order:17 21 1
DEBUG:root:Finish turn

ERROR:root:Error in bot.
Traceback (most recent call last):
  File "opponent_bots/defensive_bot.py", line 91, in <module>
    current_line = input()
EOFError: EOF when reading a line
