DEBUG:root:Order:1 21 76.0
DEBUG:root:Finish turn

DEBUG:root:Order:1 0 26.0
DEBUG:root:Finish turn

DEBUG:root:Finish turn

DEBUG:root:Order:1 3 10.0
DEBUG:root:Finish turn

DEBUG:root:Finish turn

DEBUG:root:Finish turn

DEBUG:root:Order:1 19 15.0
DEBUG:root:Finish turn

DEBUG:root:Finish turn

DEBUG:root:Finish turn

DEBUG:root:Order:1 20 15.0
DEBUG:root:Finish turn

DEBUG:root:Finish turn

DEBUG:root:Finish turn

DEBUG:root:Finish turn

DEBUG:root:Order:1 16 20.0
DEBUG:root:Finish turn

DEBUG:root:Finish turn

DEBUG:root:Finish turn

DEBUG:root:Finish turn

DEBUG:root:Finish turn

DEBUG:root:Finish turn

DEBUG:root:Finish turn

DEBUG:root:Finish turn

DEBUG:root:Order:1 9 40.0
DEBUG:root:Finish turn

DEBUG:root:Order:3 0 34.0
DEBUG:root:Finish turn

DEBUG:root:Finish turn

DEBUG:root:Finish turn

DEBUG:root:Finish turn

DEBUG:root:Order:21 10 40.0
DEBUG:root:Order:1 20 8.0
DEBUG:root:Order:16 3 18.0
DEBUG:root:Finish turn

DEBUG:root:Finish turn

DEBUG:root:Finish turn

DEBUG:root:Order:1 16 32.0
DEBUG:root:Finish turn

DEBUG:root:Finish turn

DEBUG:root:Finish turn

DEBUG:root:Finish turn

DEBUG:root:Finish turn

DEBUG:root:Finish turn

DEBUG:root:Finish turn

DEBUG:root:Order:1 0 17.0
DEBUG:root:Finish turn

DEBUG:root:Finish turn

DEBUG:root:Order:21 19 38.0
DEBUG:root:Finish turn

DEBUG:root:Finish turn

DEBUG:root:Finish turn

DEBUG:root:Finish turn

DEBUG:root:Order:1 5 46.0
DEBUG:root:Finish turn

DEBUG:root:Finish turn

DEBUG:root:Finish turn

DEBUG:root:Finish turn

DEBUG:root:Finish turn

DEBUG:root:Finish turn

DEBUG:root:Order:1 20 12.0
DEBUG:root:Finish turn

DEBUG:root:Finish turn

DEBUG:root:Order:21 0 20.0
DEBUG:root:Finish turn

DEBUG:root:Finish turn

DEBUG:root:Order:1 19 34.0
DEBUG:root:Finish turn

DEBUG:root:Order:10 0 20.0
DEBUG:root:Finish turn

DEBUG:root:Finish turn

DEBUG:root:Finish turn

DEBUG:root:Finish turn

DEBUG:root:Finish turn

DEBUG:root:Finish turn

DEBUG:root:Finish turn

DEBUG:root:Order:1 6 46.0
DEBUG:root:Finish turn

DEBUG:root:Finish turn

DEBUG:root:Finish turn

DEBUG:root:Order:21 11 54.0
DEBUG:root:Finish turn

DEBUG:root:Finish turn

DEBUG:root:Order:16 12 54.0
DEBUG:root:Finish turn

DEBUG:root:Finish turn

DEBUG:root:Order:3 0 16.0
DEBUG:root:Finish turn

DEBUG:root:Finish turn

DEBUG:root:Finish turn

DEBUG:root:Finish turn

DEBUG:root:Finish turn

DEBUG:root:Order:1 13 62.0
DEBUG:root:Finish turn

DEBUG:root:Order:10 20 13.0
DEBUG:root:Finish turn

DEBUG:root:Finish turn

DEBUG:root:Finish turn

DEBUG:root:Finish turn

DEBUG:root:Finish turn

DEBUG:root:Finish turn

DEBUG:root:Finish turn

DEBUG:root:Order:21 19 47.0
DEBUG:root:Order:3 0 30.0
DEBUG:root:Finish turn

DEBUG:root:Finish turn

DEBUG:root:Finish turn

DEBUG:root:Finish turn

DEBUG:root:Order:1 20 9.0
DEBUG:root:Finish turn

DEBUG:root:Finish turn

DEBUG:root:Order:16 7 64.0
DEBUG:root:Finish turn

DEBUG:root:Order:1 8 64.0
DEBUG:root:Order:10 4 62.0
DEBUG:root:Order:9 14 26.0
DEBUG:root:Finish turn

DEBUG:root:Finish turn

DEBUG:root:Finish turn

DEBUG:root:Finish turn

DEBUG:root:Finish turn

DEBUG:root:Order:11 15 45.0
DEBUG:root:Finish turn

DEBUG:root:Order:3 0 36.0
DEBUG:root:Order:21 19 22.0
DEBUG:root:Order:9 20 21.0
DEBUG:root:Finish turn

DEBUG:root:Finish turn

DEBUG:root:Finish turn

DEBUG:root:Finish turn

DEBUG:root:Finish turn

DEBUG:root:Finish turn

DEBUG:root:Finish turn

DEBUG:root:Finish turn

DEBUG:root:Order:1 17 69.0
DEBUG:root:Order:12 18 69.0
DEBUG:root:Finish turn

DEBUG:root:Finish turn

DEBUG:root:Finish turn

DEBUG:root:Finish turn

DEBUG:root:Order:21 7 56.0
DEBUG:root:Finish turn

DEBUG:root:Order:16 19 57.0
DEBUG:root:Order:9 0 29.0
DEBUG:root:Finish turn

DEBUG:root:Finish turn

DEBUG:root:Order:11 8 1.0
DEBUG:root:Finish turn

DEBUG:root:Finish turn

DEBUG:root:Finish turn

DEBUG:root:Finish turn

DEBUG:root:Order:11 20 63.0
DEBUG:root:Finish turn

DEBUG:root:Finish turn

DEBUG:root:Finish turn

DEBUG:root:Finish turn

DEBUG:root:Order:1 22 76.0
DEBUG:root:Order:12 7 13.0
DEBUG:root:Finish turn

DEBUG:root:Finish turn

DEBUG:root:Order:10 0 58.0
DEBUG:root:Finish turn

DEBUG:root:Order:3 4 53.0
DEBUG:root:Finish turn

DEBUG:root:Finish turn

DEBUG:root:Finish turn

DEBUG:root:Finish turn

DEBUG:root:Finish turn

DEBUG:root:Order:12 7 16.0
DEBUG:root:Finish turn

DEBUG:root:Finish turn

DEBUG:root:Finish turn

DEBUG:root:Order:12 19 36.0
DEBUG:root:Finish turn

DEBUG:root:Finish turn

DEBUG:root:Finish turn

DEBUG:root:Order:18 17 84.0
DEBUG:root:Order:21 0 37.0
DEBUG:root:Finish turn

DEBUG:root:Finish turn

DEBUG:root:Order:1 7 46.0
DEBUG:root:Finish turn

DEBUG:root:Order:11 20 52.0
DEBUG:root:Order:16 0 24.0
DEBUG:root:Finish turn

DEBUG:root:Finish turn

DEBUG:root:Finish turn

DEBUG:root:Finish turn

DEBUG:root:Finish turn

DEBUG:root:Order:12 22 52.0
DEBUG:root:Finish turn

DEBUG:root:Finish turn

DEBUG:root:Finish turn

DEBUG:root:Order:9 17 57.0
DEBUG:root:Finish turn

DEBUG:root:Finish turn

DEBUG:root:Order:1 7 39.0
DEBUG:root:Finish turn

DEBUG:root:Order:16 0 58.0
DEBUG:root:Finish turn

DEBUG:root:Order:21 4 79.0
DEBUG:root:Finish turn

DEBUG:root:Finish turn

DEBUG:root:Finish turn

DEBUG:root:Order:18 19 79.0
DEBUG:root:Finish turn

DEBUG:root:Order:11 2 91.0
DEBUG:root:Finish turn

DEBUG:root:Finish turn

DEBUG:root:Finish turn

DEBUG:root:Finish turn

DEBUG:root:Finish turn

DEBUG:root:Order:1 6 107.0
DEBUG:root:Order:12 20 54.0
DEBUG:root:Order:3 7 49.0
DEBUG:root:Finish turn

DEBUG:root:Order:10 0 66.0
DEBUG:root:Finish turn

DEBUG:root:Order:16 20 7.0
DEBUG:root:Finish turn

DEBUG:root:Finish turn

DEBUG:root:Finish turn

DEBUG:root:Order:16 19 65.0
DEBUG:root:Finish turn

DEBUG:root:Order:18 4 64.0
DEBUG:root:Order:9 20 40.0
DEBUG:root:Finish turn

DEBUG:root:Finish turn

DEBUG:root:Finish turn

DEBUG:root:Finish turn

DEBUG:root:Finish turn

DEBUG:root:Order:12 7 49.0
DEBUG:root:Finish turn

DEBUG:root:Finish turn

DEBUG:root:Order:11 15 78.0
DEBUG:root:Order:21 0 46.0
DEBUG:root:Finish turn

DEBUG:root:Finish turn

DEBUG:root:Finish turn

DEBUG:root:Order:1 0 34.0
DEBUG:root:Finish turn

DEBUG:root:Finish turn

DEBUG:root:Finish turn

DEBUG:root:Order:18 7 12.0
DEBUG:root:Finish turn

DEBUG:root:Finish turn

DEBUG:root:Order:12 15 73.0
DEBUG:root:Finish turn

DEBUG:root:Finish turn

DEBUG:root:Finish turn

DEBUG:root:Finish turn

DEBUG:root:Order:18 20 75.0
DEBUG:root:Finish turn

DEBUG:root:Finish turn

DEBUG:root:Finish turn

DEBUG:root:Finish turn

DEBUG:root:Order:1 7 57.0
DEBUG:root:Finish turn

DEBUG:root:Finish turn

DEBUG:root:Finish turn

DEBUG:root:Finish turn

DEBUG:root:Finish turn

DEBUG:root:Order:3 20 30.0
DEBUG:root:Finish turn

DEBUG:root:Finish turn

DEBUG:root:Finish turn

DEBUG:root:Finish turn

DEBUG:root:Finish turn

DEBUG:root:Order:16 20 35.0
DEBUG:root:Finish turn

DEBUG:root:Order:1 7 63.0
DEBUG:root:Finish turn

DEBUG:root:Finish turn

DEBUG:root:Finish turn

DEBUG:root:Order:11 20 35.0
DEBUG:root:Finish turn

DEBUG:root:Finish turn

DEBUG:root:Finish turn

DEBUG:root:Finish turn

DEBUG:root:Order:18 0 128.0
DEBUG:root:Finish turn

DEBUG:root:Finish turn

DEBUG:root:Order:6 0 20.0
DEBUG:root:Finish turn

DEBUG:root:Finish turn

DEBUG:root:Order:21 7 64.0
DEBUG:root:Finish turn

DEBUG:root:Finish turn

DEBUG:root:Finish turn

DEBUG:root:Finish turn

DEBUG:root:Finish turn

DEBUG:root:Finish turn

DEBUG:root:Finish turn

DEBUG:root:Order:6 7 56.0
DEBUG:root:Finish turn

DEBUG:root:Finish turn

DEBUG:root:Finish turn

DEBUG:root:Finish turn

DEBUG:root:Finish turn

DEBUG:root:Finish turn

DEBUG:root:Order:12 19 174.0
DEBUG:root:Order:11 4 159.0
DEBUG:root:Order:1 0 158.0
DEBUG:root:Order:16 20 129.0
DEBUG:root:Finish turn

DEBUG:root:Finish turn

ERROR:root:Error in bot.
Traceback (most recent call last):
  File "opponent_bots/production_bot.py", line 46, in <module>
    current_line = input()
EOFError: EOF when reading a line
